<?xml version="1.0" encoding="UTF-8"?>
<!-- Generated by org.testng.reporters.JUnitReportReporter -->
<testsuite skipped="0" hostname="ITEM-S66932" name="twitter.PerformLoginAndTweetTest" tests="1" failures="0" timestamp="04 feb 2019 13:40:11 GMT" time="7.421" errors="0">
  <testcase name="performLoginAndWriteTweet" time="7.421" classname="twitter.PerformLoginAndTweetTest"/>
</testsuite> <!-- twitter.PerformLoginAndTweetTest -->
