<?xml version="1.0" encoding="UTF-8"?>
<!-- Generated by org.testng.reporters.JUnitReportReporter -->
<testsuite skipped="0" hostname="ITEM-S66932" name="twitter.PerformLoginAndTweetTest" tests="1" failures="0" timestamp="18 feb 2019 10:50:05 GMT" time="8.448" errors="0">
  <testcase name="performLoginAndWriteTweet" time="8.448" classname="twitter.PerformLoginAndTweetTest"/>
</testsuite> <!-- twitter.PerformLoginAndTweetTest -->
